<?xml version="1.0" encoding="UTF-8"?>
<!-- Generated by org.testng.reporters.JUnitXMLReporter -->
<testsuite ignored="0" hostname="DESKTOP-T7O8GD5" failures="0" tests="5" name="Default test" time="0.187" errors="0" timestamp="2024-09-18T19:03:01 EDT">
  <testcase classname="testsuite_1.Module1" name="login" time="0.01"/>
  <testcase classname="testsuite_1.Module1" name="login" time="0.002"/>
  <testcase classname="testsuite_1.Module1" name="test001" time="0.002"/>
  <testcase classname="testsuite_1.Module1" name="test002" time="0.003"/>
  <testcase classname="testsuite_1.Module1" name="test003" time="0.003"/>
</testsuite> <!-- Default test -->
