<?xml version="1.0" encoding="UTF-8"?>
<testng-results ignored="0" total="10" passed="10" failed="0" skipped="0">
  <reporter-output>
  </reporter-output>
  <suite started-at="2024-09-18T21:37:36 EDT" name="testsuite1 (0)" finished-at="2024-09-18T21:37:36 EDT" duration-ms="36">
    <groups>
    </groups>
    <test started-at="2024-09-18T21:37:36 EDT" name="sanity" finished-at="2024-09-18T21:37:36 EDT" duration-ms="36">
      <class name="testsuite_1.Module_2">
        <test-method signature="test001()[pri:0, instance:testsuite_1.Module_2@15bb5034]" started-at="2024-09-18T21:37:36 EDT" name="test001" finished-at="2024-09-18T21:37:36 EDT" duration-ms="0" status="PASS">
          <reporter-output>
          </reporter-output>
        </test-method> <!-- test001 -->
      </class> <!-- testsuite_1.Module_2 -->
      <class name="testsuite_1.Module1">
        <test-method is-config="true" signature="beforeMethod()[pri:0, instance:testsuite_1.Module1@4b741d6d]" started-at="2024-09-18T21:37:36 EDT" name="beforeMethod" finished-at="2024-09-18T21:37:36 EDT" duration-ms="1" status="PASS">
          <reporter-output>
          </reporter-output>
        </test-method> <!-- beforeMethod -->
        <test-method signature="login(java.lang.String,java.lang.String)[pri:0, instance:testsuite_1.Module1@4b741d6d]" started-at="2024-09-18T21:37:36 EDT" name="login" data-provider="data001" finished-at="2024-09-18T21:37:36 EDT" duration-ms="0" status="PASS">
          <params>
            <param index="0">
              <value>
                <![CDATA[sirisha]]>
              </value>
            </param>
            <param index="1">
              <value>
                <![CDATA[pass001]]>
              </value>
            </param>
          </params>
          <reporter-output>
          </reporter-output>
        </test-method> <!-- login -->
        <test-method is-config="true" signature="afterMethod()[pri:0, instance:testsuite_1.Module1@4b741d6d]" started-at="2024-09-18T21:37:36 EDT" name="afterMethod" finished-at="2024-09-18T21:37:36 EDT" duration-ms="1" status="PASS">
          <reporter-output>
          </reporter-output>
        </test-method> <!-- afterMethod -->
        <test-method is-config="true" signature="beforeMethod()[pri:0, instance:testsuite_1.Module1@4b741d6d]" started-at="2024-09-18T21:37:36 EDT" name="beforeMethod" finished-at="2024-09-18T21:37:36 EDT" duration-ms="2" status="PASS">
          <reporter-output>
          </reporter-output>
        </test-method> <!-- beforeMethod -->
        <test-method signature="login(java.lang.String,java.lang.String)[pri:0, instance:testsuite_1.Module1@4b741d6d]" started-at="2024-09-18T21:37:36 EDT" name="login" data-provider="data001" finished-at="2024-09-18T21:37:36 EDT" duration-ms="1" status="PASS">
          <params>
            <param index="0">
              <value>
                <![CDATA[koduru]]>
              </value>
            </param>
            <param index="1">
              <value>
                <![CDATA[pass002]]>
              </value>
            </param>
          </params>
          <reporter-output>
          </reporter-output>
        </test-method> <!-- login -->
        <test-method is-config="true" signature="afterMethod()[pri:0, instance:testsuite_1.Module1@4b741d6d]" started-at="2024-09-18T21:37:36 EDT" name="afterMethod" finished-at="2024-09-18T21:37:36 EDT" duration-ms="1" status="PASS">
          <reporter-output>
          </reporter-output>
        </test-method> <!-- afterMethod -->
        <test-method is-config="true" signature="beforeMethod()[pri:0, instance:testsuite_1.Module1@4b741d6d]" started-at="2024-09-18T21:37:36 EDT" name="beforeMethod" finished-at="2024-09-18T21:37:36 EDT" duration-ms="1" status="PASS">
          <reporter-output>
          </reporter-output>
        </test-method> <!-- beforeMethod -->
        <test-method signature="test001()[pri:0, instance:testsuite_1.Module1@4b741d6d]" started-at="2024-09-18T21:37:36 EDT" name="test001" finished-at="2024-09-18T21:37:36 EDT" duration-ms="0" status="PASS">
          <reporter-output>
          </reporter-output>
        </test-method> <!-- test001 -->
        <test-method is-config="true" signature="afterMethod()[pri:0, instance:testsuite_1.Module1@4b741d6d]" started-at="2024-09-18T21:37:36 EDT" name="afterMethod" finished-at="2024-09-18T21:37:36 EDT" duration-ms="1" status="PASS">
          <reporter-output>
          </reporter-output>
        </test-method> <!-- afterMethod -->
        <test-method is-config="true" signature="beforeMethod()[pri:0, instance:testsuite_1.Module1@4b741d6d]" started-at="2024-09-18T21:37:36 EDT" name="beforeMethod" finished-at="2024-09-18T21:37:36 EDT" duration-ms="1" status="PASS">
          <reporter-output>
          </reporter-output>
        </test-method> <!-- beforeMethod -->
        <test-method signature="test002()[pri:0, instance:testsuite_1.Module1@4b741d6d]" started-at="2024-09-18T21:37:36 EDT" name="test002" finished-at="2024-09-18T21:37:36 EDT" duration-ms="1" status="PASS">
          <reporter-output>
          </reporter-output>
        </test-method> <!-- test002 -->
        <test-method is-config="true" signature="afterMethod()[pri:0, instance:testsuite_1.Module1@4b741d6d]" started-at="2024-09-18T21:37:36 EDT" name="afterMethod" finished-at="2024-09-18T21:37:36 EDT" duration-ms="1" status="PASS">
          <reporter-output>
          </reporter-output>
        </test-method> <!-- afterMethod -->
      </class> <!-- testsuite_1.Module1 -->
    </test> <!-- sanity -->
  </suite> <!-- testsuite1 (0) -->
  <suite started-at="2024-09-18T21:37:36 EDT" name="testsuite1" finished-at="2024-09-18T21:37:36 EDT" duration-ms="150">
    <groups>
    </groups>
    <test started-at="2024-09-18T21:37:36 EDT" name="sanity" finished-at="2024-09-18T21:37:36 EDT" duration-ms="150">
      <class name="testsuite_1.Module_2">
        <test-method signature="test001()[pri:0, instance:testsuite_1.Module_2@ffaa6af]" started-at="2024-09-18T21:37:36 EDT" name="test001" finished-at="2024-09-18T21:37:36 EDT" duration-ms="8" status="PASS">
          <reporter-output>
          </reporter-output>
        </test-method> <!-- test001 -->
      </class> <!-- testsuite_1.Module_2 -->
      <class name="testsuite_1.Module1">
        <test-method is-config="true" signature="beforeMethod()[pri:0, instance:testsuite_1.Module1@6253c26]" started-at="2024-09-18T21:37:36 EDT" name="beforeMethod" finished-at="2024-09-18T21:37:36 EDT" duration-ms="6" status="PASS">
          <reporter-output>
          </reporter-output>
        </test-method> <!-- beforeMethod -->
        <test-method signature="login(java.lang.String,java.lang.String)[pri:0, instance:testsuite_1.Module1@6253c26]" started-at="2024-09-18T21:37:36 EDT" name="login" data-provider="data001" finished-at="2024-09-18T21:37:36 EDT" duration-ms="2" status="PASS">
          <params>
            <param index="0">
              <value>
                <![CDATA[sirisha]]>
              </value>
            </param>
            <param index="1">
              <value>
                <![CDATA[pass001]]>
              </value>
            </param>
          </params>
          <reporter-output>
          </reporter-output>
        </test-method> <!-- login -->
        <test-method is-config="true" signature="afterMethod()[pri:0, instance:testsuite_1.Module1@6253c26]" started-at="2024-09-18T21:37:36 EDT" name="afterMethod" finished-at="2024-09-18T21:37:36 EDT" duration-ms="1" status="PASS">
          <reporter-output>
          </reporter-output>
        </test-method> <!-- afterMethod -->
        <test-method is-config="true" signature="beforeMethod()[pri:0, instance:testsuite_1.Module1@6253c26]" started-at="2024-09-18T21:37:36 EDT" name="beforeMethod" finished-at="2024-09-18T21:37:36 EDT" duration-ms="1" status="PASS">
          <reporter-output>
          </reporter-output>
        </test-method> <!-- beforeMethod -->
        <test-method signature="login(java.lang.String,java.lang.String)[pri:0, instance:testsuite_1.Module1@6253c26]" started-at="2024-09-18T21:37:36 EDT" name="login" data-provider="data001" finished-at="2024-09-18T21:37:36 EDT" duration-ms="1" status="PASS">
          <params>
            <param index="0">
              <value>
                <![CDATA[koduru]]>
              </value>
            </param>
            <param index="1">
              <value>
                <![CDATA[pass002]]>
              </value>
            </param>
          </params>
          <reporter-output>
          </reporter-output>
        </test-method> <!-- login -->
        <test-method is-config="true" signature="afterMethod()[pri:0, instance:testsuite_1.Module1@6253c26]" started-at="2024-09-18T21:37:36 EDT" name="afterMethod" finished-at="2024-09-18T21:37:36 EDT" duration-ms="0" status="PASS">
          <reporter-output>
          </reporter-output>
        </test-method> <!-- afterMethod -->
        <test-method is-config="true" signature="beforeMethod()[pri:0, instance:testsuite_1.Module1@6253c26]" started-at="2024-09-18T21:37:36 EDT" name="beforeMethod" finished-at="2024-09-18T21:37:36 EDT" duration-ms="1" status="PASS">
          <reporter-output>
          </reporter-output>
        </test-method> <!-- beforeMethod -->
        <test-method signature="test001()[pri:0, instance:testsuite_1.Module1@6253c26]" started-at="2024-09-18T21:37:36 EDT" name="test001" finished-at="2024-09-18T21:37:36 EDT" duration-ms="1" status="PASS">
          <reporter-output>
          </reporter-output>
        </test-method> <!-- test001 -->
        <test-method is-config="true" signature="afterMethod()[pri:0, instance:testsuite_1.Module1@6253c26]" started-at="2024-09-18T21:37:36 EDT" name="afterMethod" finished-at="2024-09-18T21:37:36 EDT" duration-ms="1" status="PASS">
          <reporter-output>
          </reporter-output>
        </test-method> <!-- afterMethod -->
        <test-method is-config="true" signature="beforeMethod()[pri:0, instance:testsuite_1.Module1@6253c26]" started-at="2024-09-18T21:37:36 EDT" name="beforeMethod" finished-at="2024-09-18T21:37:36 EDT" duration-ms="1" status="PASS">
          <reporter-output>
          </reporter-output>
        </test-method> <!-- beforeMethod -->
        <test-method signature="test002()[pri:0, instance:testsuite_1.Module1@6253c26]" started-at="2024-09-18T21:37:36 EDT" name="test002" finished-at="2024-09-18T21:37:36 EDT" duration-ms="1" status="PASS">
          <reporter-output>
          </reporter-output>
        </test-method> <!-- test002 -->
        <test-method is-config="true" signature="afterMethod()[pri:0, instance:testsuite_1.Module1@6253c26]" started-at="2024-09-18T21:37:36 EDT" name="afterMethod" finished-at="2024-09-18T21:37:36 EDT" duration-ms="1" status="PASS">
          <reporter-output>
          </reporter-output>
        </test-method> <!-- afterMethod -->
      </class> <!-- testsuite_1.Module1 -->
    </test> <!-- sanity -->
  </suite> <!-- testsuite1 -->
</testng-results>
